2025-10-07 21:33:38,541 [INFO] fetch_kline.py:139 从 stocklist.csv 读取到 3068 只股票（排除板块：bj,gem,star）
2025-10-07 21:33:38,541 [INFO] fetch_kline.py:217 开始抓取 3068 支股票 | 数据源:Tushare(日线,qfq) | 日期:20250101 → 20251007 | 排除:bj,gem,star
2025-10-07 21:33:52,768 [INFO] fetch_kline.py:167 002080 第 1 次抓取失败，15 秒后重试：ERROR.
2025-10-07 21:33:52,787 [INFO] fetch_kline.py:167 002081 第 1 次抓取失败，15 秒后重试：ERROR.
2025-10-07 21:33:52,808 [INFO] fetch_kline.py:167 002082 第 1 次抓取失败，15 秒后重试：ERROR.
2025-10-07 21:33:52,854 [INFO] fetch_kline.py:167 002083 第 1 次抓取失败，15 秒后重试：ERROR.
2025-10-07 21:33:52,906 [INFO] fetch_kline.py:167 002084 第 1 次抓取失败，15 秒后重试：ERROR.
2025-10-07 21:33:53,792 [INFO] fetch_kline.py:167 002079 第 1 次抓取失败，15 秒后重试：ERROR.
2025-10-07 21:34:07,964 [INFO] fetch_kline.py:167 002080 第 2 次抓取失败，30 秒后重试：ERROR.
2025-10-07 21:34:07,990 [INFO] fetch_kline.py:167 002081 第 2 次抓取失败，30 秒后重试：ERROR.
2025-10-07 21:34:08,003 [INFO] fetch_kline.py:167 002082 第 2 次抓取失败，30 秒后重试：ERROR.
2025-10-07 21:34:08,049 [INFO] fetch_kline.py:167 002083 第 2 次抓取失败，30 秒后重试：ERROR.
2025-10-07 21:34:08,121 [INFO] fetch_kline.py:167 002084 第 2 次抓取失败，30 秒后重试：ERROR.
2025-10-07 21:34:09,001 [INFO] fetch_kline.py:167 002079 第 2 次抓取失败，30 秒后重试：ERROR.
2025-10-07 21:34:38,175 [INFO] fetch_kline.py:167 002080 第 3 次抓取失败，45 秒后重试：ERROR.
2025-10-07 21:34:38,191 [INFO] fetch_kline.py:167 002081 第 3 次抓取失败，45 秒后重试：ERROR.
2025-10-07 21:34:38,195 [INFO] fetch_kline.py:167 002082 第 3 次抓取失败，45 秒后重试：ERROR.
2025-10-07 21:34:38,256 [INFO] fetch_kline.py:167 002083 第 3 次抓取失败，45 秒后重试：ERROR.
2025-10-07 21:34:38,322 [INFO] fetch_kline.py:167 002084 第 3 次抓取失败，45 秒后重试：ERROR.
2025-10-07 21:35:23,179 [ERROR] fetch_kline.py:170 002080 三次抓取均失败，已跳过！
2025-10-07 21:35:23,193 [ERROR] fetch_kline.py:170 002081 三次抓取均失败，已跳过！
2025-10-07 21:35:23,198 [ERROR] fetch_kline.py:170 002082 三次抓取均失败，已跳过！
2025-10-07 21:35:23,259 [ERROR] fetch_kline.py:170 002083 三次抓取均失败，已跳过！
2025-10-07 21:35:23,325 [ERROR] fetch_kline.py:170 002084 三次抓取均失败，已跳过！
2025-10-07 21:35:29,251 [INFO] fetch_kline.py:167 002617 第 1 次抓取失败，15 秒后重试：ERROR.
2025-10-07 21:35:29,273 [INFO] fetch_kline.py:167 002622 第 1 次抓取失败，15 秒后重试：ERROR.
2025-10-07 21:35:29,323 [INFO] fetch_kline.py:167 002623 第 1 次抓取失败，15 秒后重试：ERROR.
2025-10-07 21:35:29,338 [INFO] fetch_kline.py:167 002624 第 1 次抓取失败，15 秒后重试：ERROR.
2025-10-07 21:35:29,396 [INFO] fetch_kline.py:167 002626 第 1 次抓取失败，15 秒后重试：ERROR.
2025-10-07 21:35:29,401 [INFO] fetch_kline.py:167 002625 第 1 次抓取失败，15 秒后重试：ERROR.
2025-10-07 21:35:57,894 [INFO] fetch_kline.py:167 600178 第 1 次抓取失败，15 秒后重试：ERROR.
2025-10-07 21:35:57,902 [INFO] fetch_kline.py:167 600179 第 1 次抓取失败，15 秒后重试：ERROR.
2025-10-07 21:35:57,920 [INFO] fetch_kline.py:167 600180 第 1 次抓取失败，15 秒后重试：ERROR.
2025-10-07 21:35:57,921 [INFO] fetch_kline.py:167 600183 第 1 次抓取失败，15 秒后重试：ERROR.
2025-10-07 21:35:57,922 [INFO] fetch_kline.py:167 600182 第 1 次抓取失败，15 秒后重试：ERROR.
2025-10-07 21:35:57,982 [INFO] fetch_kline.py:167 600184 第 1 次抓取失败，15 秒后重试：ERROR.
2025-10-07 21:36:13,104 [INFO] fetch_kline.py:167 600179 第 2 次抓取失败，30 秒后重试：ERROR.
2025-10-07 21:36:13,104 [INFO] fetch_kline.py:167 600178 第 2 次抓取失败，30 秒后重试：ERROR.
2025-10-07 21:36:13,124 [INFO] fetch_kline.py:167 600180 第 2 次抓取失败，30 秒后重试：ERROR.
2025-10-07 21:36:13,124 [INFO] fetch_kline.py:167 600182 第 2 次抓取失败，30 秒后重试：ERROR.
2025-10-07 21:36:13,142 [INFO] fetch_kline.py:167 600183 第 2 次抓取失败，30 秒后重试：ERROR.
2025-10-07 21:36:13,179 [INFO] fetch_kline.py:167 600184 第 2 次抓取失败，30 秒后重试：ERROR.
2025-10-07 21:36:43,351 [INFO] fetch_kline.py:167 600180 第 3 次抓取失败，45 秒后重试：ERROR.
2025-10-07 21:36:43,352 [INFO] fetch_kline.py:167 600183 第 3 次抓取失败，45 秒后重试：ERROR.
2025-10-07 21:36:43,353 [INFO] fetch_kline.py:167 600182 第 3 次抓取失败，45 秒后重试：ERROR.
2025-10-07 21:36:43,375 [INFO] fetch_kline.py:167 600178 第 3 次抓取失败，45 秒后重试：ERROR.
2025-10-07 21:36:43,375 [INFO] fetch_kline.py:167 600179 第 3 次抓取失败，45 秒后重试：ERROR.
2025-10-07 21:36:43,397 [INFO] fetch_kline.py:167 600184 第 3 次抓取失败，45 秒后重试：ERROR.
2025-10-07 21:37:28,353 [ERROR] fetch_kline.py:170 600183 三次抓取均失败，已跳过！
2025-10-07 21:37:28,354 [ERROR] fetch_kline.py:170 600180 三次抓取均失败，已跳过！
2025-10-07 21:37:28,356 [ERROR] fetch_kline.py:170 600182 三次抓取均失败，已跳过！
2025-10-07 21:37:28,376 [ERROR] fetch_kline.py:170 600178 三次抓取均失败，已跳过！
2025-10-07 21:37:28,380 [ERROR] fetch_kline.py:170 600179 三次抓取均失败，已跳过！
2025-10-07 21:37:28,403 [ERROR] fetch_kline.py:170 600184 三次抓取均失败，已跳过！
2025-10-07 21:37:41,806 [INFO] fetch_kline.py:167 600829 第 1 次抓取失败，15 秒后重试：ERROR.
2025-10-07 21:37:41,862 [INFO] fetch_kline.py:167 600830 第 1 次抓取失败，15 秒后重试：ERROR.
2025-10-07 21:37:41,868 [INFO] fetch_kline.py:167 600831 第 1 次抓取失败，15 秒后重试：ERROR.
2025-10-07 21:37:41,929 [INFO] fetch_kline.py:167 600833 第 1 次抓取失败，15 秒后重试：ERROR.
2025-10-07 21:37:41,951 [INFO] fetch_kline.py:167 600834 第 1 次抓取失败，15 秒后重试：ERROR.
2025-10-07 21:37:41,951 [INFO] fetch_kline.py:167 600835 第 1 次抓取失败，15 秒后重试：ERROR.
2025-10-07 21:37:57,022 [INFO] fetch_kline.py:167 600829 第 2 次抓取失败，30 秒后重试：ERROR.
2025-10-07 21:37:57,067 [INFO] fetch_kline.py:167 600831 第 2 次抓取失败，30 秒后重试：ERROR.
2025-10-07 21:37:57,068 [INFO] fetch_kline.py:167 600830 第 2 次抓取失败，30 秒后重试：ERROR.
2025-10-07 21:37:57,128 [INFO] fetch_kline.py:167 600833 第 2 次抓取失败，30 秒后重试：ERROR.
2025-10-07 21:37:57,150 [INFO] fetch_kline.py:167 600835 第 2 次抓取失败，30 秒后重试：ERROR.
2025-10-07 21:37:57,151 [INFO] fetch_kline.py:167 600834 第 2 次抓取失败，30 秒后重试：ERROR.
2025-10-07 21:38:27,239 [INFO] fetch_kline.py:167 600829 第 3 次抓取失败，45 秒后重试：ERROR.
2025-10-07 21:38:27,264 [INFO] fetch_kline.py:167 600830 第 3 次抓取失败，45 秒后重试：ERROR.
2025-10-07 21:38:27,264 [INFO] fetch_kline.py:167 600831 第 3 次抓取失败，45 秒后重试：ERROR.
2025-10-07 21:38:27,328 [INFO] fetch_kline.py:167 600833 第 3 次抓取失败，45 秒后重试：ERROR.
2025-10-07 21:38:27,341 [INFO] fetch_kline.py:167 600835 第 3 次抓取失败，45 秒后重试：ERROR.
2025-10-07 21:38:27,344 [INFO] fetch_kline.py:167 600834 第 3 次抓取失败，45 秒后重试：ERROR.
2025-10-07 21:39:12,243 [ERROR] fetch_kline.py:170 600829 三次抓取均失败，已跳过！
2025-10-07 21:39:12,266 [ERROR] fetch_kline.py:170 600830 三次抓取均失败，已跳过！
2025-10-07 21:39:12,267 [ERROR] fetch_kline.py:170 600831 三次抓取均失败，已跳过！
2025-10-07 21:39:12,332 [ERROR] fetch_kline.py:170 600833 三次抓取均失败，已跳过！
2025-10-07 21:39:12,345 [ERROR] fetch_kline.py:170 600835 三次抓取均失败，已跳过！
2025-10-07 21:39:12,345 [ERROR] fetch_kline.py:170 600834 三次抓取均失败，已跳过！
2025-10-07 21:39:25,978 [INFO] fetch_kline.py:167 603199 第 1 次抓取失败，15 秒后重试：ERROR.
2025-10-07 21:39:25,979 [INFO] fetch_kline.py:167 603200 第 1 次抓取失败，15 秒后重试：ERROR.
2025-10-07 21:39:26,105 [INFO] fetch_kline.py:167 603201 第 1 次抓取失败，15 秒后重试：ERROR.
2025-10-07 21:39:26,111 [INFO] fetch_kline.py:167 603205 第 1 次抓取失败，15 秒后重试：ERROR.
2025-10-07 21:39:26,113 [INFO] fetch_kline.py:167 603202 第 1 次抓取失败，15 秒后重试：ERROR.
2025-10-07 21:39:26,120 [INFO] fetch_kline.py:167 603203 第 1 次抓取失败，15 秒后重试：ERROR.
2025-10-07 21:39:41,216 [INFO] fetch_kline.py:167 603200 第 2 次抓取失败，30 秒后重试：ERROR.
2025-10-07 21:39:41,217 [INFO] fetch_kline.py:167 603199 第 2 次抓取失败，30 秒后重试：ERROR.
2025-10-07 21:39:41,347 [INFO] fetch_kline.py:167 603203 第 2 次抓取失败，30 秒后重试：ERROR.
2025-10-07 21:39:41,347 [INFO] fetch_kline.py:167 603202 第 2 次抓取失败，30 秒后重试：ERROR.
2025-10-07 21:39:41,348 [INFO] fetch_kline.py:167 603205 第 2 次抓取失败，30 秒后重试：ERROR.
2025-10-07 21:39:41,349 [INFO] fetch_kline.py:167 603201 第 2 次抓取失败，30 秒后重试：ERROR.
2025-10-07 21:40:11,438 [INFO] fetch_kline.py:167 603200 第 3 次抓取失败，45 秒后重试：ERROR.
2025-10-07 21:40:11,438 [INFO] fetch_kline.py:167 603199 第 3 次抓取失败，45 秒后重试：ERROR.
2025-10-07 21:40:11,547 [INFO] fetch_kline.py:167 603202 第 3 次抓取失败，45 秒后重试：ERROR.
2025-10-07 21:40:11,553 [INFO] fetch_kline.py:167 603205 第 3 次抓取失败，45 秒后重试：ERROR.
2025-10-07 21:40:11,560 [INFO] fetch_kline.py:167 603201 第 3 次抓取失败，45 秒后重试：ERROR.
2025-10-07 21:40:11,567 [INFO] fetch_kline.py:167 603203 第 3 次抓取失败，45 秒后重试：ERROR.
2025-10-07 21:40:56,441 [ERROR] fetch_kline.py:170 603200 三次抓取均失败，已跳过！
2025-10-07 21:40:56,449 [ERROR] fetch_kline.py:170 603199 三次抓取均失败，已跳过！
2025-10-07 21:40:56,550 [ERROR] fetch_kline.py:170 603202 三次抓取均失败，已跳过！
2025-10-07 21:40:56,554 [ERROR] fetch_kline.py:170 603205 三次抓取均失败，已跳过！
2025-10-07 21:40:56,563 [ERROR] fetch_kline.py:170 603201 三次抓取均失败，已跳过！
2025-10-07 21:40:56,573 [ERROR] fetch_kline.py:170 603203 三次抓取均失败，已跳过！
2025-10-07 21:41:10,206 [INFO] fetch_kline.py:167 605268 第 1 次抓取失败，15 秒后重试：ERROR.
2025-10-07 21:41:10,210 [INFO] fetch_kline.py:167 605277 第 1 次抓取失败，15 秒后重试：ERROR.
2025-10-07 21:41:10,338 [INFO] fetch_kline.py:167 605286 第 1 次抓取失败，15 秒后重试：ERROR.
2025-10-07 21:41:10,339 [INFO] fetch_kline.py:167 605289 第 1 次抓取失败，15 秒后重试：ERROR.
2025-10-07 21:41:10,339 [INFO] fetch_kline.py:167 605288 第 1 次抓取失败，15 秒后重试：ERROR.
2025-10-07 21:41:10,340 [INFO] fetch_kline.py:167 605287 第 1 次抓取失败，15 秒后重试：ERROR.
2025-10-07 21:41:25,413 [INFO] fetch_kline.py:167 605277 第 2 次抓取失败，30 秒后重试：ERROR.
2025-10-07 21:41:25,419 [INFO] fetch_kline.py:167 605268 第 2 次抓取失败，30 秒后重试：ERROR.
2025-10-07 21:41:25,550 [INFO] fetch_kline.py:167 605286 第 2 次抓取失败，30 秒后重试：ERROR.
2025-10-07 21:41:25,553 [INFO] fetch_kline.py:167 605288 第 2 次抓取失败，30 秒后重试：ERROR.
2025-10-07 21:41:25,553 [INFO] fetch_kline.py:167 605289 第 2 次抓取失败，30 秒后重试：ERROR.
2025-10-07 21:41:25,554 [INFO] fetch_kline.py:167 605287 第 2 次抓取失败，30 秒后重试：ERROR.
2025-10-07 21:41:55,682 [INFO] fetch_kline.py:167 605268 第 3 次抓取失败，45 秒后重试：ERROR.
2025-10-07 21:41:55,684 [INFO] fetch_kline.py:167 605277 第 3 次抓取失败，45 秒后重试：ERROR.
2025-10-07 21:41:55,773 [INFO] fetch_kline.py:167 605288 第 3 次抓取失败，45 秒后重试：ERROR.
2025-10-07 21:41:55,775 [INFO] fetch_kline.py:167 605286 第 3 次抓取失败，45 秒后重试：ERROR.
2025-10-07 21:41:55,782 [INFO] fetch_kline.py:167 605287 第 3 次抓取失败，45 秒后重试：ERROR.
2025-10-07 21:41:55,809 [INFO] fetch_kline.py:167 605289 第 3 次抓取失败，45 秒后重试：ERROR.
2025-10-07 21:42:40,685 [ERROR] fetch_kline.py:170 605277 三次抓取均失败，已跳过！
2025-10-07 21:42:40,688 [ERROR] fetch_kline.py:170 605268 三次抓取均失败，已跳过！
2025-10-07 21:42:40,779 [ERROR] fetch_kline.py:170 605286 三次抓取均失败，已跳过！
2025-10-07 21:42:40,779 [ERROR] fetch_kline.py:170 605288 三次抓取均失败，已跳过！
2025-10-07 21:42:40,784 [ERROR] fetch_kline.py:170 605287 三次抓取均失败，已跳过！
2025-10-07 21:42:40,815 [ERROR] fetch_kline.py:170 605289 三次抓取均失败，已跳过！
2025-10-07 21:42:41,921 [INFO] fetch_kline.py:237 全部任务完成，数据已保存至 /Users/ljk/dev/github/3pole/StockTradebyZ/data
2025-10-07 23:40:54,759 [INFO] fetch_kline.py:139 从 stocklist.csv 读取到 4473 只股票（排除板块：bj,gem,star）
2025-10-07 23:40:54,760 [INFO] fetch_kline.py:217 开始抓取 4473 支股票 | 数据源:Tushare(日线,qfq) | 日期:20250101 → 20251007 | 排除:bj,gem,star
2025-10-07 23:41:08,433 [INFO] fetch_kline.py:167 002078 第 1 次抓取失败，15 秒后重试：ERROR.
2025-10-07 23:41:08,454 [INFO] fetch_kline.py:167 002079 第 1 次抓取失败，15 秒后重试：ERROR.
2025-10-07 23:41:08,470 [INFO] fetch_kline.py:167 002080 第 1 次抓取失败，15 秒后重试：ERROR.
2025-10-07 23:41:08,473 [INFO] fetch_kline.py:167 002081 第 1 次抓取失败，15 秒后重试：ERROR.
2025-10-07 23:41:08,533 [INFO] fetch_kline.py:167 002082 第 1 次抓取失败，15 秒后重试：ERROR.
2025-10-07 23:41:08,553 [INFO] fetch_kline.py:167 002083 第 1 次抓取失败，15 秒后重试：ERROR.
2025-10-07 23:41:23,650 [INFO] fetch_kline.py:167 002078 第 2 次抓取失败，30 秒后重试：ERROR.
2025-10-07 23:41:23,662 [INFO] fetch_kline.py:167 002079 第 2 次抓取失败，30 秒后重试：ERROR.
2025-10-07 23:41:23,684 [INFO] fetch_kline.py:167 002080 第 2 次抓取失败，30 秒后重试：ERROR.
2025-10-07 23:41:23,696 [INFO] fetch_kline.py:167 002081 第 2 次抓取失败，30 秒后重试：ERROR.
2025-10-07 23:41:23,723 [INFO] fetch_kline.py:167 002082 第 2 次抓取失败，30 秒后重试：ERROR.
2025-10-07 23:41:23,770 [INFO] fetch_kline.py:167 002083 第 2 次抓取失败，30 秒后重试：ERROR.
2025-10-07 23:41:53,850 [INFO] fetch_kline.py:167 002079 第 3 次抓取失败，45 秒后重试：ERROR.
2025-10-07 23:41:53,856 [INFO] fetch_kline.py:167 002078 第 3 次抓取失败，45 秒后重试：ERROR.
2025-10-07 23:41:53,877 [INFO] fetch_kline.py:167 002080 第 3 次抓取失败，45 秒后重试：ERROR.
2025-10-07 23:41:53,900 [INFO] fetch_kline.py:167 002081 第 3 次抓取失败，45 秒后重试：ERROR.
2025-10-07 23:41:53,919 [INFO] fetch_kline.py:167 002082 第 3 次抓取失败，45 秒后重试：ERROR.
2025-10-07 23:41:53,960 [INFO] fetch_kline.py:167 002083 第 3 次抓取失败，45 秒后重试：ERROR.
2025-10-07 23:42:38,857 [ERROR] fetch_kline.py:170 002079 三次抓取均失败，已跳过！
2025-10-07 23:42:38,859 [ERROR] fetch_kline.py:170 002078 三次抓取均失败，已跳过！
2025-10-07 23:42:38,878 [ERROR] fetch_kline.py:170 002080 三次抓取均失败，已跳过！
2025-10-07 23:42:38,905 [ERROR] fetch_kline.py:170 002081 三次抓取均失败，已跳过！
2025-10-07 23:42:38,923 [ERROR] fetch_kline.py:170 002082 三次抓取均失败，已跳过！
2025-10-07 23:42:38,965 [ERROR] fetch_kline.py:170 002083 三次抓取均失败，已跳过！
2025-10-07 23:42:52,084 [INFO] fetch_kline.py:167 002620 第 1 次抓取失败，15 秒后重试：ERROR.
2025-10-07 23:42:52,122 [INFO] fetch_kline.py:167 002622 第 1 次抓取失败，15 秒后重试：ERROR.
2025-10-07 23:42:52,135 [INFO] fetch_kline.py:167 002624 第 1 次抓取失败，15 秒后重试：ERROR.
2025-10-07 23:42:52,151 [INFO] fetch_kline.py:167 002623 第 1 次抓取失败，15 秒后重试：ERROR.
2025-10-07 23:42:52,229 [INFO] fetch_kline.py:167 002626 第 1 次抓取失败，15 秒后重试：ERROR.
2025-10-07 23:42:52,230 [INFO] fetch_kline.py:167 002625 第 1 次抓取失败，15 秒后重试：ERROR.
2025-10-07 23:43:07,286 [INFO] fetch_kline.py:167 002620 第 2 次抓取失败，30 秒后重试：ERROR.
2025-10-07 23:43:07,338 [INFO] fetch_kline.py:167 002622 第 2 次抓取失败，30 秒后重试：ERROR.
2025-10-07 23:43:07,340 [INFO] fetch_kline.py:167 002624 第 2 次抓取失败，30 秒后重试：ERROR.
2025-10-07 23:43:07,348 [INFO] fetch_kline.py:167 002623 第 2 次抓取失败，30 秒后重试：ERROR.
2025-10-07 23:43:07,423 [INFO] fetch_kline.py:167 002625 第 2 次抓取失败，30 秒后重试：ERROR.
2025-10-07 23:43:07,434 [INFO] fetch_kline.py:167 002626 第 2 次抓取失败，30 秒后重试：ERROR.
2025-10-07 23:43:37,486 [INFO] fetch_kline.py:167 002620 第 3 次抓取失败，45 秒后重试：ERROR.
2025-10-07 23:43:37,550 [INFO] fetch_kline.py:167 002623 第 3 次抓取失败，45 秒后重试：ERROR.
2025-10-07 23:43:37,551 [INFO] fetch_kline.py:167 002622 第 3 次抓取失败，45 秒后重试：ERROR.
2025-10-07 23:43:37,552 [INFO] fetch_kline.py:167 002624 第 3 次抓取失败，45 秒后重试：ERROR.
2025-10-07 23:43:37,610 [INFO] fetch_kline.py:167 002625 第 3 次抓取失败，45 秒后重试：ERROR.
2025-10-07 23:43:37,618 [INFO] fetch_kline.py:167 002626 第 3 次抓取失败，45 秒后重试：ERROR.
2025-10-07 23:44:22,491 [ERROR] fetch_kline.py:170 002620 三次抓取均失败，已跳过！
2025-10-07 23:44:22,556 [ERROR] fetch_kline.py:170 002622 三次抓取均失败，已跳过！
2025-10-07 23:44:22,556 [ERROR] fetch_kline.py:170 002623 三次抓取均失败，已跳过！
2025-10-07 23:44:22,556 [ERROR] fetch_kline.py:170 002624 三次抓取均失败，已跳过！
2025-10-07 23:44:22,614 [ERROR] fetch_kline.py:170 002625 三次抓取均失败，已跳过！
2025-10-07 23:44:22,621 [ERROR] fetch_kline.py:170 002626 三次抓取均失败，已跳过！
2025-10-07 23:44:36,172 [INFO] fetch_kline.py:167 300133 第 1 次抓取失败，15 秒后重试：ERROR.
2025-10-07 23:44:36,173 [INFO] fetch_kline.py:167 300132 第 1 次抓取失败，15 秒后重试：ERROR.
2025-10-07 23:44:36,180 [INFO] fetch_kline.py:167 300131 第 1 次抓取失败，15 秒后重试：ERROR.
2025-10-07 23:44:36,302 [INFO] fetch_kline.py:167 300136 第 1 次抓取失败，15 秒后重试：ERROR.
2025-10-07 23:44:36,306 [INFO] fetch_kline.py:167 300137 第 1 次抓取失败，15 秒后重试：ERROR.
2025-10-07 23:44:36,306 [INFO] fetch_kline.py:167 300138 第 1 次抓取失败，15 秒后重试：ERROR.
2025-10-07 23:44:51,377 [INFO] fetch_kline.py:167 300131 第 2 次抓取失败，30 秒后重试：ERROR.
2025-10-07 23:44:51,379 [INFO] fetch_kline.py:167 300132 第 2 次抓取失败，30 秒后重试：ERROR.
2025-10-07 23:44:51,390 [INFO] fetch_kline.py:167 300133 第 2 次抓取失败，30 秒后重试：ERROR.
2025-10-07 23:44:51,506 [INFO] fetch_kline.py:167 300136 第 2 次抓取失败，30 秒后重试：ERROR.
2025-10-07 23:44:51,507 [INFO] fetch_kline.py:167 300137 第 2 次抓取失败，30 秒后重试：ERROR.
2025-10-07 23:44:51,507 [INFO] fetch_kline.py:167 300138 第 2 次抓取失败，30 秒后重试：ERROR.
2025-10-07 23:45:21,619 [INFO] fetch_kline.py:167 300131 第 3 次抓取失败，45 秒后重试：ERROR.
2025-10-07 23:45:21,625 [INFO] fetch_kline.py:167 300132 第 3 次抓取失败，45 秒后重试：ERROR.
2025-10-07 23:45:21,625 [INFO] fetch_kline.py:167 300133 第 3 次抓取失败，45 秒后重试：ERROR.
2025-10-07 23:45:21,727 [INFO] fetch_kline.py:167 300136 第 3 次抓取失败，45 秒后重试：ERROR.
2025-10-07 23:45:21,728 [INFO] fetch_kline.py:167 300137 第 3 次抓取失败，45 秒后重试：ERROR.
2025-10-07 23:45:21,740 [INFO] fetch_kline.py:167 300138 第 3 次抓取失败，45 秒后重试：ERROR.
2025-10-07 23:46:06,635 [ERROR] fetch_kline.py:170 300131 三次抓取均失败，已跳过！
2025-10-07 23:46:06,637 [ERROR] fetch_kline.py:170 300132 三次抓取均失败，已跳过！
2025-10-07 23:46:06,637 [ERROR] fetch_kline.py:170 300133 三次抓取均失败，已跳过！
2025-10-07 23:46:06,741 [ERROR] fetch_kline.py:170 300136 三次抓取均失败，已跳过！
2025-10-07 23:46:06,741 [ERROR] fetch_kline.py:170 300137 三次抓取均失败，已跳过！
2025-10-07 23:46:06,752 [ERROR] fetch_kline.py:170 300138 三次抓取均失败，已跳过！
2025-10-07 23:46:20,126 [INFO] fetch_kline.py:167 300668 第 1 次抓取失败，15 秒后重试：ERROR.
2025-10-07 23:46:20,171 [INFO] fetch_kline.py:167 300670 第 1 次抓取失败，15 秒后重试：ERROR.
2025-10-07 23:46:20,172 [INFO] fetch_kline.py:167 300669 第 1 次抓取失败，15 秒后重试：ERROR.
2025-10-07 23:46:20,209 [INFO] fetch_kline.py:167 300671 第 1 次抓取失败，15 秒后重试：ERROR.
2025-10-07 23:46:20,235 [INFO] fetch_kline.py:167 300673 第 1 次抓取失败，15 秒后重试：ERROR.
2025-10-07 23:46:20,235 [INFO] fetch_kline.py:167 300672 第 1 次抓取失败，15 秒后重试：ERROR.
2025-10-07 23:46:35,342 [INFO] fetch_kline.py:167 300668 第 2 次抓取失败，30 秒后重试：ERROR.
2025-10-07 23:46:35,392 [INFO] fetch_kline.py:167 300669 第 2 次抓取失败，30 秒后重试：ERROR.
2025-10-07 23:46:35,392 [INFO] fetch_kline.py:167 300670 第 2 次抓取失败，30 秒后重试：ERROR.
2025-10-07 23:46:35,416 [INFO] fetch_kline.py:167 300671 第 2 次抓取失败，30 秒后重试：ERROR.
2025-10-07 23:46:35,454 [INFO] fetch_kline.py:167 300672 第 2 次抓取失败，30 秒后重试：ERROR.
2025-10-07 23:46:35,455 [INFO] fetch_kline.py:167 300673 第 2 次抓取失败，30 秒后重试：ERROR.
2025-10-07 23:47:05,564 [INFO] fetch_kline.py:167 300668 第 3 次抓取失败，45 秒后重试：ERROR.
2025-10-07 23:47:05,606 [INFO] fetch_kline.py:167 300670 第 3 次抓取失败，45 秒后重试：ERROR.
2025-10-07 23:47:05,606 [INFO] fetch_kline.py:167 300669 第 3 次抓取失败，45 秒后重试：ERROR.
2025-10-07 23:47:05,625 [INFO] fetch_kline.py:167 300671 第 3 次抓取失败，45 秒后重试：ERROR.
2025-10-07 23:47:05,661 [INFO] fetch_kline.py:167 300672 第 3 次抓取失败，45 秒后重试：ERROR.
2025-10-07 23:47:05,672 [INFO] fetch_kline.py:167 300673 第 3 次抓取失败，45 秒后重试：ERROR.
2025-10-07 23:47:50,568 [ERROR] fetch_kline.py:170 300668 三次抓取均失败，已跳过！
2025-10-07 23:47:50,610 [ERROR] fetch_kline.py:170 300670 三次抓取均失败，已跳过！
2025-10-07 23:47:50,611 [ERROR] fetch_kline.py:170 300669 三次抓取均失败，已跳过！
2025-10-07 23:47:50,627 [ERROR] fetch_kline.py:170 300671 三次抓取均失败，已跳过！
2025-10-07 23:47:50,663 [ERROR] fetch_kline.py:170 300672 三次抓取均失败，已跳过！
2025-10-07 23:47:50,678 [ERROR] fetch_kline.py:170 300673 三次抓取均失败，已跳过！
2025-10-07 23:48:03,911 [INFO] fetch_kline.py:167 301220 第 1 次抓取失败，15 秒后重试：ERROR.
2025-10-07 23:48:03,914 [INFO] fetch_kline.py:167 301219 第 1 次抓取失败，15 秒后重试：ERROR.
2025-10-07 23:48:03,915 [INFO] fetch_kline.py:167 301217 第 1 次抓取失败，15 秒后重试：ERROR.
2025-10-07 23:48:03,915 [INFO] fetch_kline.py:167 301218 第 1 次抓取失败，15 秒后重试：ERROR.
2025-10-07 23:48:03,932 [INFO] fetch_kline.py:167 301221 第 1 次抓取失败，15 秒后重试：ERROR.
2025-10-07 23:48:03,960 [INFO] fetch_kline.py:167 301222 第 1 次抓取失败，15 秒后重试：ERROR.
2025-10-07 23:48:19,124 [INFO] fetch_kline.py:167 301218 第 2 次抓取失败，30 秒后重试：ERROR.
2025-10-07 23:48:19,125 [INFO] fetch_kline.py:167 301220 第 2 次抓取失败，30 秒后重试：ERROR.
2025-10-07 23:48:19,128 [INFO] fetch_kline.py:167 301217 第 2 次抓取失败，30 秒后重试：ERROR.
2025-10-07 23:48:19,134 [INFO] fetch_kline.py:167 301219 第 2 次抓取失败，30 秒后重试：ERROR.
2025-10-07 23:48:19,171 [INFO] fetch_kline.py:167 301222 第 2 次抓取失败，30 秒后重试：ERROR.
2025-10-07 23:48:19,173 [INFO] fetch_kline.py:167 301221 第 2 次抓取失败，30 秒后重试：ERROR.
2025-10-07 23:48:49,316 [INFO] fetch_kline.py:167 301218 第 3 次抓取失败，45 秒后重试：ERROR.
2025-10-07 23:48:49,318 [INFO] fetch_kline.py:167 301220 第 3 次抓取失败，45 秒后重试：ERROR.
2025-10-07 23:48:49,321 [INFO] fetch_kline.py:167 301217 第 3 次抓取失败，45 秒后重试：ERROR.
2025-10-07 23:48:49,329 [INFO] fetch_kline.py:167 301219 第 3 次抓取失败，45 秒后重试：ERROR.
2025-10-07 23:48:49,364 [INFO] fetch_kline.py:167 301222 第 3 次抓取失败，45 秒后重试：ERROR.
2025-10-07 23:48:49,377 [INFO] fetch_kline.py:167 301221 第 3 次抓取失败，45 秒后重试：ERROR.
2025-10-07 23:49:34,322 [ERROR] fetch_kline.py:170 301220 三次抓取均失败，已跳过！
2025-10-07 23:49:34,323 [ERROR] fetch_kline.py:170 301218 三次抓取均失败，已跳过！
2025-10-07 23:49:34,329 [ERROR] fetch_kline.py:170 301217 三次抓取均失败，已跳过！
2025-10-07 23:49:34,333 [ERROR] fetch_kline.py:170 301219 三次抓取均失败，已跳过！
2025-10-07 23:49:34,365 [ERROR] fetch_kline.py:170 301222 三次抓取均失败，已跳过！
2025-10-07 23:49:34,379 [ERROR] fetch_kline.py:170 301221 三次抓取均失败，已跳过！
2025-10-07 23:49:47,206 [INFO] fetch_kline.py:167 600337 第 1 次抓取失败，15 秒后重试：ERROR.
2025-10-07 23:49:47,240 [INFO] fetch_kline.py:167 600338 第 1 次抓取失败，15 秒后重试：ERROR.
2025-10-07 23:49:47,270 [INFO] fetch_kline.py:167 600339 第 1 次抓取失败，15 秒后重试：ERROR.
2025-10-07 23:49:47,271 [INFO] fetch_kline.py:167 600340 第 1 次抓取失败，15 秒后重试：ERROR.
2025-10-07 23:49:47,317 [INFO] fetch_kline.py:167 600343 第 1 次抓取失败，15 秒后重试：ERROR.
2025-10-07 23:49:47,328 [INFO] fetch_kline.py:167 600345 第 1 次抓取失败，15 秒后重试：ERROR.
2025-10-07 23:50:02,427 [INFO] fetch_kline.py:167 600337 第 2 次抓取失败，30 秒后重试：ERROR.
2025-10-07 23:50:02,446 [INFO] fetch_kline.py:167 600338 第 2 次抓取失败，30 秒后重试：ERROR.
2025-10-07 23:50:02,457 [INFO] fetch_kline.py:167 600340 第 2 次抓取失败，30 秒后重试：ERROR.
2025-10-07 23:50:02,458 [INFO] fetch_kline.py:167 600339 第 2 次抓取失败，30 秒后重试：ERROR.
2025-10-07 23:50:02,515 [INFO] fetch_kline.py:167 600343 第 2 次抓取失败，30 秒后重试：ERROR.
2025-10-07 23:50:02,515 [INFO] fetch_kline.py:167 600345 第 2 次抓取失败，30 秒后重试：ERROR.
2025-10-07 23:50:32,720 [INFO] fetch_kline.py:167 600343 第 3 次抓取失败，45 秒后重试：ERROR.
2025-10-07 23:50:32,730 [INFO] fetch_kline.py:167 600338 第 3 次抓取失败，45 秒后重试：ERROR.
2025-10-07 23:50:32,730 [INFO] fetch_kline.py:167 600345 第 3 次抓取失败，45 秒后重试：ERROR.
2025-10-07 23:50:32,731 [INFO] fetch_kline.py:167 600339 第 3 次抓取失败，45 秒后重试：ERROR.
2025-10-07 23:50:32,731 [INFO] fetch_kline.py:167 600340 第 3 次抓取失败，45 秒后重试：ERROR.
2025-10-07 23:50:32,736 [INFO] fetch_kline.py:167 600337 第 3 次抓取失败，45 秒后重试：ERROR.
2025-10-07 23:51:17,726 [ERROR] fetch_kline.py:170 600343 三次抓取均失败，已跳过！
2025-10-07 23:51:17,736 [ERROR] fetch_kline.py:170 600345 三次抓取均失败，已跳过！
2025-10-07 23:51:17,738 [ERROR] fetch_kline.py:170 600340 三次抓取均失败，已跳过！
2025-10-07 23:51:17,741 [ERROR] fetch_kline.py:170 600338 三次抓取均失败，已跳过！
2025-10-07 23:51:17,741 [ERROR] fetch_kline.py:170 600339 三次抓取均失败，已跳过！
2025-10-07 23:51:17,742 [ERROR] fetch_kline.py:170 600337 三次抓取均失败，已跳过！
2025-10-07 23:51:31,146 [INFO] fetch_kline.py:167 601003 第 1 次抓取失败，15 秒后重试：ERROR.
2025-10-07 23:51:31,154 [INFO] fetch_kline.py:167 601005 第 1 次抓取失败，15 秒后重试：ERROR.
2025-10-07 23:51:31,203 [INFO] fetch_kline.py:167 601006 第 1 次抓取失败，15 秒后重试：ERROR.
2025-10-07 23:51:31,234 [INFO] fetch_kline.py:167 601009 第 1 次抓取失败，15 秒后重试：ERROR.
2025-10-07 23:51:31,235 [INFO] fetch_kline.py:167 601008 第 1 次抓取失败，15 秒后重试：ERROR.
2025-10-07 23:51:31,236 [INFO] fetch_kline.py:167 601007 第 1 次抓取失败，15 秒后重试：ERROR.
2025-10-07 23:51:46,353 [INFO] fetch_kline.py:167 601005 第 2 次抓取失败，30 秒后重试：ERROR.
2025-10-07 23:51:46,354 [INFO] fetch_kline.py:167 601003 第 2 次抓取失败，30 秒后重试：ERROR.
2025-10-07 23:51:46,390 [INFO] fetch_kline.py:167 601006 第 2 次抓取失败，30 秒后重试：ERROR.
2025-10-07 23:51:46,438 [INFO] fetch_kline.py:167 601007 第 2 次抓取失败，30 秒后重试：ERROR.
2025-10-07 23:51:46,438 [INFO] fetch_kline.py:167 601009 第 2 次抓取失败，30 秒后重试：ERROR.
2025-10-07 23:51:46,439 [INFO] fetch_kline.py:167 601008 第 2 次抓取失败，30 秒后重试：ERROR.
2025-10-07 23:52:16,571 [INFO] fetch_kline.py:167 601005 第 3 次抓取失败，45 秒后重试：ERROR.
2025-10-07 23:52:16,573 [INFO] fetch_kline.py:167 601003 第 3 次抓取失败，45 秒后重试：ERROR.
2025-10-07 23:52:16,603 [INFO] fetch_kline.py:167 601006 第 3 次抓取失败，45 秒后重试：ERROR.
2025-10-07 23:52:16,642 [INFO] fetch_kline.py:167 601007 第 3 次抓取失败，45 秒后重试：ERROR.
2025-10-07 23:52:16,642 [INFO] fetch_kline.py:167 601009 第 3 次抓取失败，45 秒后重试：ERROR.
2025-10-07 23:52:16,643 [INFO] fetch_kline.py:167 601008 第 3 次抓取失败，45 秒后重试：ERROR.
2025-10-07 23:53:01,577 [ERROR] fetch_kline.py:170 601005 三次抓取均失败，已跳过！
2025-10-07 23:53:01,579 [ERROR] fetch_kline.py:170 601003 三次抓取均失败，已跳过！
2025-10-07 23:53:01,605 [ERROR] fetch_kline.py:170 601006 三次抓取均失败，已跳过！
2025-10-07 23:53:01,644 [ERROR] fetch_kline.py:170 601009 三次抓取均失败，已跳过！
2025-10-07 23:53:01,644 [ERROR] fetch_kline.py:170 601008 三次抓取均失败，已跳过！
2025-10-07 23:53:01,648 [ERROR] fetch_kline.py:170 601007 三次抓取均失败，已跳过！
2025-10-07 23:53:14,881 [INFO] fetch_kline.py:167 603359 第 1 次抓取失败，15 秒后重试：ERROR.
2025-10-07 23:53:14,892 [INFO] fetch_kline.py:167 603363 第 1 次抓取失败，15 秒后重试：ERROR.
2025-10-07 23:53:14,895 [INFO] fetch_kline.py:167 603360 第 1 次抓取失败，15 秒后重试：ERROR.
2025-10-07 23:53:14,958 [INFO] fetch_kline.py:167 603366 第 1 次抓取失败，15 秒后重试：ERROR.
2025-10-07 23:53:14,958 [INFO] fetch_kline.py:167 603367 第 1 次抓取失败，15 秒后重试：ERROR.
2025-10-07 23:53:14,962 [INFO] fetch_kline.py:167 603365 第 1 次抓取失败，15 秒后重试：ERROR.
2025-10-07 23:53:30,085 [INFO] fetch_kline.py:167 603360 第 2 次抓取失败，30 秒后重试：ERROR.
2025-10-07 23:53:30,089 [INFO] fetch_kline.py:167 603363 第 2 次抓取失败，30 秒后重试：ERROR.
2025-10-07 23:53:30,097 [INFO] fetch_kline.py:167 603359 第 2 次抓取失败，30 秒后重试：ERROR.
2025-10-07 23:53:30,147 [INFO] fetch_kline.py:167 603366 第 2 次抓取失败，30 秒后重试：ERROR.
2025-10-07 23:53:30,150 [INFO] fetch_kline.py:167 603367 第 2 次抓取失败，30 秒后重试：ERROR.
2025-10-07 23:53:30,178 [INFO] fetch_kline.py:167 603365 第 2 次抓取失败，30 秒后重试：ERROR.
2025-10-07 23:54:00,298 [INFO] fetch_kline.py:167 603359 第 3 次抓取失败，45 秒后重试：ERROR.
2025-10-07 23:54:00,303 [INFO] fetch_kline.py:167 603363 第 3 次抓取失败，45 秒后重试：ERROR.
2025-10-07 23:54:00,310 [INFO] fetch_kline.py:167 603360 第 3 次抓取失败，45 秒后重试：ERROR.
2025-10-07 23:54:00,351 [INFO] fetch_kline.py:167 603366 第 3 次抓取失败，45 秒后重试：ERROR.
2025-10-07 23:54:00,371 [INFO] fetch_kline.py:167 603365 第 3 次抓取失败，45 秒后重试：ERROR.
2025-10-07 23:54:00,371 [INFO] fetch_kline.py:167 603367 第 3 次抓取失败，45 秒后重试：ERROR.
2025-10-07 23:54:45,305 [ERROR] fetch_kline.py:170 603359 三次抓取均失败，已跳过！
2025-10-07 23:54:45,308 [ERROR] fetch_kline.py:170 603363 三次抓取均失败，已跳过！
2025-10-07 23:54:45,315 [ERROR] fetch_kline.py:170 603360 三次抓取均失败，已跳过！
2025-10-07 23:54:45,356 [ERROR] fetch_kline.py:170 603366 三次抓取均失败，已跳过！
2025-10-07 23:54:45,375 [ERROR] fetch_kline.py:170 603365 三次抓取均失败，已跳过！
2025-10-07 23:54:45,375 [ERROR] fetch_kline.py:170 603367 三次抓取均失败，已跳过！
2025-10-07 23:54:56,259 [INFO] fetch_kline.py:237 全部任务完成，数据已保存至 /Users/ljk/dev/github/3pole/StockTradebyZ/data
