2025-10-07 21:46:10,010 [INFO] 未指定 --date，使用最近日期 2025-09-30
2025-10-07 21:46:55,091 [INFO] 
2025-10-07 21:46:55,091 [INFO] ============== 选股结果 [少妇战法] ==============
2025-10-07 21:46:55,091 [INFO] 交易日: 2025-09-30
2025-10-07 21:46:55,092 [INFO] 符合条件股票数: 26
2025-10-07 21:46:55,092 [INFO] 600114, 603030, 603989, 603816, 603368, 603988, 002429, 002617, 603009, 601136, 002100, 002262, 002529, 002273, 000061, 002106, 002066, 601880, 603662, 603881, 002008, 002815, 603416, 002745, 600681, 002555
2025-10-07 21:49:03,534 [INFO] 
2025-10-07 21:49:03,535 [INFO] ============== 选股结果 [SuperB1战法] ==============
2025-10-07 21:49:03,535 [INFO] 交易日: 2025-09-30
2025-10-07 21:49:03,535 [INFO] 符合条件股票数: 0
2025-10-07 21:49:03,535 [INFO] 无符合条件股票
2025-10-07 21:49:23,578 [INFO] 
2025-10-07 21:49:23,578 [INFO] ============== 选股结果 [补票战法] ==============
2025-10-07 21:49:23,578 [INFO] 交易日: 2025-09-30
2025-10-07 21:49:23,578 [INFO] 符合条件股票数: 3
2025-10-07 21:49:23,579 [INFO] 603179, 002074, 601872
2025-10-07 21:49:27,984 [INFO] 
2025-10-07 21:49:27,984 [INFO] ============== 选股结果 [填坑战法] ==============
2025-10-07 21:49:27,984 [INFO] 交易日: 2025-09-30
2025-10-07 21:49:27,984 [INFO] 符合条件股票数: 6
2025-10-07 21:49:27,984 [INFO] 603988, 002276, 603667, 001202, 002547, 002745
2025-10-07 21:49:31,863 [INFO] 
2025-10-07 21:49:31,863 [INFO] ============== 选股结果 [上穿60放量战法] ==============
2025-10-07 21:49:31,863 [INFO] 交易日: 2025-09-30
2025-10-07 21:49:31,863 [INFO] 符合条件股票数: 11
2025-10-07 21:49:31,863 [INFO] 603030, 601022, 603988, 000766, 002010, 603091, 002060, 002101, 600170, 002870, 002547
2025-10-07 22:10:03,884 [INFO] 未指定 --date，使用最近日期 2025-09-30
2025-10-07 22:10:23,575 [INFO] 未指定 --date，使用最近日期 2025-09-30
2025-10-07 22:10:43,303 [INFO] 
2025-10-07 22:10:43,304 [INFO] ============== 选股结果 [少妇战法] ==============
2025-10-07 22:10:43,304 [INFO] 交易日: 2025-09-30
2025-10-07 22:10:43,304 [INFO] 符合条件股票数: 26
2025-10-07 22:10:43,304 [INFO] 600114, 603030, 603989, 603816, 603368, 603988, 002429, 002617, 603009, 601136, 002100, 002262, 002529, 002273, 000061, 002106, 002066, 601880, 603662, 603881, 002008, 002815, 603416, 002745, 600681, 002555
2025-10-07 22:12:50,247 [INFO] 
2025-10-07 22:12:50,247 [INFO] ============== 选股结果 [SuperB1战法] ==============
2025-10-07 22:12:50,248 [INFO] 交易日: 2025-09-30
2025-10-07 22:12:50,248 [INFO] 符合条件股票数: 0
2025-10-07 22:12:50,248 [INFO] 无符合条件股票
2025-10-07 22:13:10,506 [INFO] 
2025-10-07 22:13:10,506 [INFO] ============== 选股结果 [补票战法] ==============
2025-10-07 22:13:10,506 [INFO] 交易日: 2025-09-30
2025-10-07 22:13:10,506 [INFO] 符合条件股票数: 3
2025-10-07 22:13:10,506 [INFO] 603179, 002074, 601872
2025-10-07 22:13:14,852 [INFO] 
2025-10-07 22:13:14,852 [INFO] ============== 选股结果 [填坑战法] ==============
2025-10-07 22:13:14,852 [INFO] 交易日: 2025-09-30
2025-10-07 22:13:14,852 [INFO] 符合条件股票数: 6
2025-10-07 22:13:14,852 [INFO] 603988, 002276, 603667, 001202, 002547, 002745
2025-10-07 22:13:19,004 [INFO] 
2025-10-07 22:13:19,004 [INFO] ============== 选股结果 [上穿60放量战法] ==============
2025-10-07 22:13:19,004 [INFO] 交易日: 2025-09-30
2025-10-07 22:13:19,004 [INFO] 符合条件股票数: 11
2025-10-07 22:13:19,004 [INFO] 603030, 601022, 603988, 000766, 002010, 603091, 002060, 002101, 600170, 002870, 002547
2025-10-07 22:14:32,408 [INFO] 未指定 --date，使用最近日期 2025-09-30
2025-10-07 22:14:52,166 [INFO] 
2025-10-07 22:14:52,168 [INFO] ============== 选股结果 [少妇战法] ==============
2025-10-07 22:14:52,168 [INFO] 交易日: 2025-09-30
2025-10-07 22:14:52,168 [INFO] 符合条件股票数: 26
2025-10-07 22:14:52,168 [INFO] 600114, 603030, 603989, 603816, 603368, 603988, 002429, 002617, 603009, 601136, 002100, 002262, 002529, 002273, 000061, 002106, 002066, 601880, 603662, 603881, 002008, 002815, 603416, 002745, 600681, 002555
2025-10-07 22:14:54,075 [INFO] 
2025-10-07 22:14:54,076 [INFO] ============== 选股结果 [形体相似选股] ==============
2025-10-07 22:14:54,076 [INFO] 交易日: 2025-09-30
2025-10-07 22:14:54,076 [INFO] 符合条件股票数: 0
2025-10-07 22:14:54,076 [INFO] 无符合条件股票
2025-10-07 22:38:05,446 [INFO] 未指定 --date，使用最近日期 2025-09-30
2025-10-07 22:38:07,951 [INFO] 
2025-10-07 22:38:07,951 [INFO] ============== 选股结果 [形体相似选股] ==============
2025-10-07 22:38:07,951 [INFO] 交易日: 2025-09-30
2025-10-07 22:38:07,951 [INFO] 符合条件股票数: 0
2025-10-07 22:38:07,951 [INFO] 无符合条件股票
2025-10-07 22:44:11,676 [INFO] 未指定 --date，使用最近日期 2025-09-30
2025-10-07 22:44:14,125 [INFO] 
2025-10-07 22:44:14,125 [INFO] ============== 选股结果 [形体相似选股] ==============
2025-10-07 22:44:14,125 [INFO] 交易日: 2025-09-30
2025-10-07 22:44:14,125 [INFO] 符合条件股票数: 0
2025-10-07 22:44:14,125 [INFO] 无符合条件股票
2025-10-07 22:47:21,736 [INFO] 未指定 --date，使用最近日期 2025-09-30
2025-10-07 22:47:24,148 [INFO] 
2025-10-07 22:47:24,148 [INFO] ============== 选股结果 [形体相似选股] ==============
2025-10-07 22:47:24,148 [INFO] 交易日: 2025-09-30
2025-10-07 22:47:24,148 [INFO] 符合条件股票数: 0
2025-10-07 22:47:24,148 [INFO] 无符合条件股票
2025-10-07 22:47:44,287 [INFO] 未指定 --date，使用最近日期 2025-09-30
2025-10-07 22:47:46,744 [INFO] 
2025-10-07 22:47:46,744 [INFO] ============== 选股结果 [形体相似选股] ==============
2025-10-07 22:47:46,744 [INFO] 交易日: 2025-09-30
2025-10-07 22:47:46,744 [INFO] 符合条件股票数: 32
2025-10-07 22:47:46,744 [INFO] 603151, 002188, 600110, 002170, 603021, 000571, 603127, 603858, 603087, 002266, 002138, 000936, 603283, 002269, 000668, 603660, 600382, 000913, 603110, 600196, 600222, 000938, 600353, 603869, 002196, 603987, 605338, 002963, 600916, 600867, 603565, 600737
2025-10-07 22:48:25,325 [INFO] 未指定 --date，使用最近日期 2025-09-30
2025-10-07 22:48:27,781 [INFO] 
2025-10-07 22:48:27,782 [INFO] ============== 选股结果 [形体相似选股] ==============
2025-10-07 22:48:27,782 [INFO] 交易日: 2025-09-30
2025-10-07 22:48:27,782 [INFO] 符合条件股票数: 0
2025-10-07 22:48:27,782 [INFO] 无符合条件股票
2025-10-07 22:48:41,091 [INFO] 未指定 --date，使用最近日期 2025-09-30
2025-10-07 22:48:43,503 [INFO] 
2025-10-07 22:48:43,504 [INFO] ============== 选股结果 [形体相似选股] ==============
2025-10-07 22:48:43,504 [INFO] 交易日: 2025-09-30
2025-10-07 22:48:43,504 [INFO] 符合条件股票数: 0
2025-10-07 22:48:43,504 [INFO] 无符合条件股票
2025-10-07 22:49:38,312 [INFO] 未指定 --date，使用最近日期 2025-09-30
2025-10-07 22:49:38,322 [ERROR] 跳过配置 {'class': 'PatternSimilaritySelector', 'alias': '形体相似选股', 'activate': True, 'params': {'reference_code': '600519', 'window': 30, 'min_corr': 0.45, 'use_candle_shape': True, 'require_zx_today': True, 'also_filter_day': True, 'reference_start': '2025-08-28', 'reference_end': '2025-09-29'}}：invalid syntax (Selector.py, line 925)
2025-10-07 22:50:09,054 [INFO] 未指定 --date，使用最近日期 2025-09-30
2025-10-07 22:51:08,229 [INFO] 未指定 --date，使用最近日期 2025-09-30
2025-10-07 22:51:11,035 [INFO] 
2025-10-07 22:51:11,035 [INFO] ============== 选股结果 [形体相似选股] ==============
2025-10-07 22:51:11,035 [INFO] 交易日: 2025-09-30
2025-10-07 22:51:11,035 [INFO] 符合条件股票数: 0
2025-10-07 22:51:11,035 [INFO] 无符合条件股票
2025-10-07 22:53:12,898 [INFO] 未指定 --date，使用最近日期 2025-09-30
2025-10-07 22:53:14,904 [INFO] 
2025-10-07 22:53:14,905 [INFO] ============== 选股结果 [形体相似选股] ==============
2025-10-07 22:53:14,905 [INFO] 交易日: 2025-09-30
2025-10-07 22:53:14,905 [INFO] 符合条件股票数: 3
2025-10-07 22:53:14,905 [INFO] 002038, 003020, 600380
2025-10-07 22:54:37,819 [INFO] 未指定 --date，使用最近日期 2025-09-30
2025-10-07 22:54:38,467 [INFO] 
2025-10-07 22:54:38,468 [INFO] ============== 选股结果 [形体相似选股] ==============
2025-10-07 22:54:38,468 [INFO] 交易日: 2025-09-30
2025-10-07 22:54:38,468 [INFO] 符合条件股票数: 0
2025-10-07 22:54:38,468 [INFO] 无符合条件股票
2025-10-07 22:54:52,713 [INFO] 未指定 --date，使用最近日期 2025-09-30
2025-10-07 22:54:53,303 [INFO] 
2025-10-07 22:54:53,303 [INFO] ============== 选股结果 [形体相似选股] ==============
2025-10-07 22:54:53,303 [INFO] 交易日: 2025-09-30
2025-10-07 22:54:53,303 [INFO] 符合条件股票数: 0
2025-10-07 22:54:53,303 [INFO] 无符合条件股票
2025-10-07 22:55:15,711 [INFO] 未指定 --date，使用最近日期 2025-09-30
2025-10-07 22:55:16,365 [INFO] 
2025-10-07 22:55:16,365 [INFO] ============== 选股结果 [形体相似选股] ==============
2025-10-07 22:55:16,365 [INFO] 交易日: 2025-09-30
2025-10-07 22:55:16,365 [INFO] 符合条件股票数: 0
2025-10-07 22:55:16,365 [INFO] 无符合条件股票
2025-10-07 22:55:28,068 [INFO] 未指定 --date，使用最近日期 2025-09-30
2025-10-07 22:55:28,717 [INFO] 
2025-10-07 22:55:28,717 [INFO] ============== 选股结果 [形体相似选股] ==============
2025-10-07 22:55:28,717 [INFO] 交易日: 2025-09-30
2025-10-07 22:55:28,717 [INFO] 符合条件股票数: 0
2025-10-07 22:55:28,717 [INFO] 无符合条件股票
2025-10-07 23:17:03,959 [INFO] 未指定 --date，使用最近日期 2025-09-30
2025-10-07 23:17:04,635 [INFO] 
2025-10-07 23:17:04,635 [INFO] ============== 选股结果 [形体相似选股] ==============
2025-10-07 23:17:04,635 [INFO] 交易日: 2025-09-30
2025-10-07 23:17:04,636 [INFO] 符合条件股票数: 0
2025-10-07 23:17:04,636 [INFO] 无符合条件股票
2025-10-07 23:21:36,927 [INFO] 未指定 --date，使用最近日期 2025-09-30
2025-10-07 23:21:38,997 [INFO] 
2025-10-07 23:21:38,997 [INFO] ============== 选股结果 [形体相似选股] ==============
2025-10-07 23:21:38,997 [INFO] 交易日: 2025-09-30
2025-10-07 23:21:38,997 [INFO] 符合条件股票数: 1094
2025-10-07 23:21:38,997 [INFO] 600809(0.6417), 000568(0.6197), 000596(0.5176), 603919(0.4914), 603369(0.4857), 000597(0.4786), 603198(0.4710), 603288(0.4596), 600559(0.4578), 600600(0.4492), 002304(0.4450), 603589(0.4411), 600683(0.4377), 600900(0.4256), 601318(0.4248), 600976(0.4245), 600779(0.4144), 600702(0.4128), 601816(0.3982), 002880(0.3968), 002412(0.3926), 600529(0.3924), 600573(0.3824), 000333(0.3817), 600027(0.3781), 600533(0.3752), 002646(0.3744), 601860(0.3743), 601700(0.3697), 601328(0.3688), 601326(0.3672), 000002(0.3639), 601169(0.3621), 600085(0.3608), 600511(0.3602), 600033(0.3597), 601226(0.3590), 601186(0.3586), 600616(0.3580), 600199(0.3566), 600285(0.3550), 600938(0.3544), 600872(0.3541), 601333(0.3537), 600436(0.3531), 600597(0.3519), 600020(0.3496), 000995(0.3494), 603027(0.3478), 000507(0.3457), 600886(0.3451), 000025(0.3450), 000793(0.3440), 002507(0.3432), 600023(0.3418), 002043(0.3416), 601390(0.3410), 601997(0.3396), 600048(0.3358), 001286(0.3354), 600712(0.3346), 600015(0.3343), 601128(0.3336), 601229(0.3320), 600572(0.3301), 600383(0.3300), 000910(0.3298), 601818(0.3295), 000011(0.3294), 603279(0.3290), 001313(0.3281), 002727(0.3272), 600382(0.3272), 002818(0.3259), 600803(0.3249), 600548(0.3242), 600273(0.3220), 601857(0.3210), 600332(0.3204), 600009(0.3184), 600064(0.3181), 600655(0.3164), 600674(0.3162), 600082(0.3157), 605266(0.3151), 603065(0.3139), 000582(0.3130), 000001(0.3129), 002713(0.3125), 600266(0.3123), 000543(0.3122), 002372(0.3121), 000755(0.3119), 601668(0.3112), 600197(0.3105), 002958(0.3090), 600309(0.3090), 601618(0.3089), 603008(0.3087), 600279(0.3087), 601878(0.3086), 600030(0.3064), 600941(0.3062), 002807(0.3056), 601919(0.3052), 600586(0.3050), 603619(0.3050), 000338(0.3050), 603661(0.3047), 000560(0.3042), 601006(0.3041), 600955(0.3041), 603137(0.3040), 600329(0.3032), 600782(0.3031), 603999(0.3029), 600189(0.3028), 600488(0.3028), 603229(0.3026), 600495(0.3023), 601808(0.3020), 603801(0.3018), 603379(0.3014), 001219(0.3009), 002314(0.3007), 600018(0.3003), 600016(0.3000), 600618(0.2999), 000663(0.2997), 600036(0.2993), 600258(0.2987), 603345(0.2986), 603719(0.2985), 600649(0.2982), 601528(0.2972), 603392(0.2962), 001239(0.2959), 000623(0.2958), 002078(0.2956), 601518(0.2955), 000529(0.2954), 601728(0.2948), 600638(0.2932), 002864(0.2930), 603091(0.2927), 600603(0.2925), 600958(0.2920), 002146(0.2919), 002115(0.2917), 600663(0.2904), 002578(0.2903), 002107(0.2901), 600717(0.2900), 600873(0.2895), 603307(0.2890), 600418(0.2887), 002668(0.2886), 002216(0.2884), 000031(0.2881), 002293(0.2877), 603117(0.2874), 002948(0.2874), 002038(0.2873), 601158(0.2866), 603071(0.2855), 000930(0.2852), 600606(0.2851), 600790(0.2851), 600493(0.2844), 601901(0.2841), 601211(0.2841), 603982(0.2839), 603029(0.2838), 603126(0.2838), 603326(0.2836), 002287(0.2830), 603833(0.2828), 001322(0.2826), 001391(0.2825), 600863(0.2823), 600177(0.2822), 002748(0.2820), 601065(0.2814), 600917(0.2805), 601319(0.2801), 601633(0.2795), 002580(0.2792), 002591(0.2791), 600657(0.2791), 000731(0.2784), 000056(0.2782), 002469(0.2781), 601007(0.2778), 600739(0.2778), 001965(0.2775), 002737(0.2775), 601658(0.2773), 601858(0.2771), 603259(0.2767), 600675(0.2764), 600999(0.2763), 603568(0.2762), 600818(0.2762), 002571(0.2758), 601975(0.2754), 600367(0.2754), 002223(0.2753), 003041(0.2748), 601588(0.2747), 000605(0.2746), 600319(0.2745), 002692(0.2742), 600469(0.2740), 002942(0.2737), 000010(0.2737), 002271(0.2733), 001367(0.2731), 000514(0.2729), 002701(0.2724), 603172(0.2721), 603020(0.2719), 601166(0.2717), 002228(0.2717), 603385(0.2714), 002603(0.2714), 600137(0.2713), 603331(0.2709), 600428(0.2709), 600011(0.2708), 002887(0.2704), 603233(0.2704), 002697(0.2698), 600419(0.2697), 600168(0.2690), 000650(0.2688), 601916(0.2684), 000538(0.2683), 600269(0.2679), 603797(0.2675), 600956(0.2674), 601298(0.2672), 600315(0.2671), 001299(0.2671), 002331(0.2670), 600135(0.2670), 600585(0.2669), 002388(0.2668), 600219(0.2667), 600887(0.2663), 000766(0.2658), 600133(0.2656), 000712(0.2651), 601577(0.2649), 600216(0.2645), 000166(0.2641), 600983(0.2639), 600398(0.2630), 001914(0.2625), 601366(0.2622), 002561(0.2620), 600711(0.2618), 600422(0.2618), 002478(0.2615), 601995(0.2610), 002238(0.2610), 600928(0.2610), 603102(0.2609), 603351(0.2604), 603658(0.2601), 600882(0.2601), 601163(0.2600), 000937(0.2598), 002489(0.2598), 600257(0.2596), 600927(0.2596), 002847(0.2595), 600679(0.2591), 601969(0.2588), 600716(0.2587), 600059(0.2587), 002778(0.2586), 001255(0.2586), 002349(0.2575), 600535(0.2574), 001316(0.2571), 001301(0.2568), 600794(0.2567), 601330(0.2567), 600107(0.2565), 000968(0.2565), 000652(0.2564), 603378(0.2564), 603353(0.2563), 600017(0.2560), 600787(0.2560), 603826(0.2559), 603836(0.2554), 600696(0.2554), 600998(0.2552), 600470(0.2551), 600727(0.2543), 000736(0.2538), 000776(0.2538), 001338(0.2535), 000090(0.2535), 002076(0.2532), 000639(0.2530), 002160(0.2529), 601952(0.2527), 600478(0.2523), 002883(0.2523), 601003(0.2521), 002927(0.2521), 601228(0.2515), 000917(0.2514), 600362(0.2513), 603727(0.2513), 603609(0.2506), 603231(0.2501), 002264(0.2500), 600328(0.2499), 002589(0.2497), 601607(0.2495), 603033(0.2494), 605122(0.2492), 000728(0.2492), 600791(0.2490), 605138(0.2490), 601595(0.2489), 600736(0.2488), 601155(0.2487), 600372(0.2487), 002218(0.2483), 002966(0.2481), 600012(0.2481), 601339(0.2474), 603778(0.2469), 600444(0.2465), 603291(0.2465), 600750(0.2465), 600814(0.2462), 603045(0.2459), 002612(0.2457), 002495(0.2457), 002606(0.2457), 000516(0.2455), 001979(0.2453), 600875(0.2453), 600987(0.2451), 002511(0.2451), 600612(0.2450), 603387(0.2447), 000553(0.2445), 002790(0.2435), 002441(0.2434), 002408(0.2434), 001368(0.2430), 002817(0.2429), 000632(0.2428), 000786(0.2428), 605499(0.2427), 002432(0.2427), 002302(0.2425), 002451(0.2424), 603180(0.2422), 603717(0.2420), 603195(0.2420), 600690(0.2418), 603808(0.2417), 601801(0.2416), 600248(0.2414), 002035(0.2413), 600039(0.2412), 603111(0.2411), 000635(0.2411), 600138(0.2409), 002437(0.2407), 603329(0.2407), 000153(0.2405), 002399(0.2404), 002275(0.2403), 002608(0.2400), 601238(0.2399), 603976(0.2399), 600452(0.2395), 603899(0.2394), 603567(0.2389), 600238(0.2388), 002142(0.2385), 600768(0.2385), 600966(0.2385), 000797(0.2378), 600193(0.2375), 000537(0.2373), 600132(0.2373), 000789(0.2372), 600963(0.2369), 001336(0.2366), 002735(0.2365), 600763(0.2364), 002285(0.2358), 603014(0.2355), 605086(0.2353), 002969(0.2352), 600323(0.2345), 002541(0.2345), 601800(0.2342), 001331(0.2340), 002946(0.2339), 600252(0.2338), 000096(0.2338), 600425(0.2337), 600055(0.2333), 002391(0.2332), 603669(0.2332), 601083(0.2332), 600482(0.2327), 002144(0.2326), 601011(0.2326), 001366(0.2325), 000069(0.2325), 603355(0.2324), 002461(0.2324), 000906(0.2322), 002125(0.2321), 603043(0.2320), 601828(0.2318), 002936(0.2315), 002573(0.2314), 603909(0.2312), 002867(0.2311), 601966(0.2310), 601022(0.2308), 000677(0.2308), 601601(0.2307), 601015(0.2307), 002303(0.2305), 603012(0.2304), 600148(0.2304), 000709(0.2302), 002630(0.2302), 002136(0.2301), 002327(0.2301), 002839(0.2299), 002430(0.2298), 002550(0.2297), 603299(0.2293), 002016(0.2292), 600377(0.2290), 601018(0.2287), 002339(0.2285), 601788(0.2285), 600783(0.2282), 002253(0.2281), 601881(0.2280), 605580(0.2279), 000565(0.2274), 000799(0.2273), 002425(0.2273), 002932(0.2272), 000078(0.2272), 000518(0.2270), 605020(0.2268), 601900(0.2267), 603505(0.2267), 601669(0.2266), 002787(0.2263), 600127(0.2263), 600035(0.2259), 603393(0.2258), 000911(0.2258), 002628(0.2254), 002465(0.2253), 600405(0.2252), 600160(0.2248), 601985(0.2244), 603708(0.2244), 603869(0.2243), 000965(0.2242), 600905(0.2241), 605298(0.2236), 603208(0.2233), 002069(0.2232), 603939(0.2232), 603209(0.2232), 002254(0.2224), 600566(0.2220), 000720(0.2219), 002644(0.2219), 000017(0.2216), 601988(0.2216), 002159(0.2214), 000566(0.2213), 002401(0.2212), 600429(0.2211), 601939(0.2211), 601766(0.2211), 002830(0.2210), 600862(0.2209), 603309(0.2207), 600516(0.2206), 002786(0.2202), 603315(0.2202), 002262(0.2199), 603262(0.2199), 002030(0.2198), 600844(0.2195), 600158(0.2193), 000593(0.2192), 601999(0.2192), 603520(0.2190), 600161(0.2189), 600188(0.2189), 002736(0.2189), 600989(0.2188), 002863(0.2187), 002696(0.2185), 000019(0.2184), 001217(0.2184), 603357(0.2182), 603967(0.2180), 600686(0.2180), 001205(0.2176), 603313(0.2174), 601101(0.2173), 001378(0.2169), 601377(0.2166), 002805(0.2166), 600215(0.2165), 600007(0.2164), 600061(0.2162), 603113(0.2159), 601990(0.2158), 000509(0.2158), 600853(0.2156), 002572(0.2156), 002732(0.2155), 603070(0.2150), 002565(0.2150), 603610(0.2150), 601019(0.2148), 000919(0.2146), 600283(0.2144), 002700(0.2144), 600116(0.2140), 000629(0.2139), 600824(0.2138), 600173(0.2134), 002508(0.2134), 002300(0.2132), 603866(0.2131), 000783(0.2130), 605099(0.2124), 600356(0.2123), 002360(0.2122), 002374(0.2121), 600539(0.2116), 002666(0.2116), 000915(0.2115), 600019(0.2111), 600977(0.2108), 000717(0.2106), 603097(0.2106), 000698(0.2104), 002344(0.2103), 002991(0.2101), 600521(0.2098), 002306(0.2098), 601888(0.2097), 603600(0.2097), 000612(0.2094), 001227(0.2094), 600420(0.2092), 002291(0.2092), 603318(0.2091), 603128(0.2088), 600084(0.2088), 600908(0.2084), 002587(0.2083), 002955(0.2080), 603861(0.2079), 600406(0.2079), 000975(0.2079), 601949(0.2077), 002779(0.2075), 000788(0.2075), 002277(0.2074), 000591(0.2073), 002109(0.2072), 600665(0.2068), 600004(0.2068), 002891(0.2068), 000573(0.2068), 000739(0.2066), 601059(0.2065), 601108(0.2064), 002687(0.2064), 603917(0.2061), 002205(0.2061), 603615(0.2061), 603258(0.2061), 603273(0.2060), 600622(0.2056), 002252(0.2055), 603096(0.2054), 000761(0.2053), 002828(0.2053), 600340(0.2051), 002004(0.2050), 002605(0.2050), 600859(0.2050), 601117(0.2048), 601187(0.2047), 003035(0.2046), 000151(0.2045), 600867(0.2042), 603733(0.2041), 605077(0.2040), 603508(0.2039), 600984(0.2038), 000028(0.2038), 603713(0.2038), 603689(0.2037), 002209(0.2037), 000695(0.2036), 000626(0.2036), 002956(0.2035), 001213(0.2030), 000952(0.2030), 000620(0.2028), 603079(0.2026), 603889(0.2022), 001228(0.2019), 600751(0.2018), 601456(0.2014), 000059(0.2014), 601688(0.2013), 002114(0.2010), 600426(0.2010), 000548(0.2009), 600792(0.2009), 603056(0.2009), 002763(0.2008), 603877(0.2008), 000912(0.2006), 603138(0.2003), 601991(0.2003), 002989(0.1999), 601098(0.1998), 000927(0.1998), 000625(0.1997), 601336(0.1996), 000651(0.1996), 002567(0.1995), 603968(0.1994), 001231(0.1994), 002329(0.1993), 002482(0.1993), 601698(0.1992), 001258(0.1992), 000903(0.1990), 605388(0.1989), 603311(0.1988), 002895(0.1987), 002051(0.1981), 600368(0.1980), 601068(0.1977), 001318(0.1977), 601628(0.1977), 600241(0.1977), 603583(0.1976), 002243(0.1976), 600871(0.1976), 000931(0.1975), 601077(0.1974), 600771(0.1973), 000530(0.1973), 603533(0.1972), 002791(0.1971), 601555(0.1971), 601118(0.1967), 603317(0.1965), 600617(0.1964), 600449(0.1964), 600666(0.1963), 603900(0.1962), 002825(0.1962), 600714(0.1960), 000016(0.1959), 600028(0.1959), 600935(0.1957), 600057(0.1955), 002856(0.1953), 600350(0.1952), 002244(0.1949), 002908(0.1947), 603170(0.1947), 002978(0.1945), 000920(0.1945), 603511(0.1944), 002301(0.1944), 600587(0.1941), 600648(0.1940), 603168(0.1939), 603289(0.1939), 605399(0.1935), 002375(0.1932), 000935(0.1932), 600664(0.1932), 000686(0.1932), 603086(0.1930), 002682(0.1929), 000752(0.1926), 600861(0.1926), 600099(0.1925), 600901(0.1923), 002292(0.1922), 002135(0.1922), 605158(0.1921), 002752(0.1921), 603348(0.1920), 600919(0.1919), 601933(0.1919), 002816(0.1916), 603993(0.1914), 002741(0.1913), 603132(0.1912), 002999(0.1912), 605108(0.1910), 601998(0.1909), 002258(0.1909), 603768(0.1907), 603569(0.1906), 605567(0.1906), 000589(0.1896), 605005(0.1894), 603825(0.1893), 601600(0.1890), 002607(0.1890), 600528(0.1888), 601200(0.1888), 600232(0.1888), 603628(0.1886), 002524(0.1886), 600778(0.1886), 601866(0.1884), 000526(0.1883), 605008(0.1882), 600594(0.1881), 001260(0.1880), 600636(0.1879), 601611(0.1872), 002242(0.1867), 600579(0.1866), 000778(0.1864), 600959(0.1864), 002500(0.1863), 600569(0.1863), 002695(0.1862), 600628(0.1862), 002998(0.1861), 601868(0.1861), 603616(0.1860), 002558(0.1858), 601198(0.1856), 603188(0.1855), 600051(0.1855), 605183(0.1853), 603321(0.1852), 600807(0.1851), 603578(0.1850), 603281(0.1849), 002033(0.1847), 002001(0.1847), 600307(0.1845), 003816(0.1845), 603477(0.1843), 603716(0.1843), 603276(0.1842), 002458(0.1842), 600185(0.1841), 600903(0.1841), 002852(0.1841), 002712(0.1838), 605369(0.1838), 600620(0.1837), 603396(0.1833), 000682(0.1832), 600639(0.1829), 600815(0.1828), 002037(0.1827), 600508(0.1827), 002014(0.1825), 600131(0.1825), 000951(0.1824), 000547(0.1823), 002188(0.1823), 600078(0.1823), 600331(0.1821), 002299(0.1821), 002122(0.1818), 600557(0.1816), 603169(0.1816), 603255(0.1816), 603399(0.1816), 600525(0.1815), 000985(0.1812), 002416(0.1812), 603122(0.1812), 603068(0.1811), 002354(0.1809), 002890(0.1808), 600261(0.1808), 600897(0.1808), 002198(0.1807), 600479(0.1804), 601066(0.1804), 600408(0.1798), 601368(0.1797), 601921(0.1796), 002813(0.1795), 002073(0.1794), 605116(0.1792), 002746(0.1791), 603136(0.1789), 002186(0.1788), 600876(0.1787), 600378(0.1786), 600191(0.1785), 002446(0.1784), 605259(0.1780), 000926(0.1779), 600773(0.1776), 600310(0.1775), 000932(0.1774), 600578(0.1774), 000055(0.1773), 600851(0.1772), 600720(0.1771), 600117(0.1771), 002634(0.1769), 000929(0.1768), 603810(0.1768), 001872(0.1767), 000710(0.1766), 000552(0.1764), 600571(0.1762), 000726(0.1761), 600758(0.1760), 001203(0.1760), 003042(0.1756), 000756(0.1755), 600075(0.1750), 600476(0.1749), 001330(0.1749), 603701(0.1748), 603901(0.1745), 600993(0.1745), 601107(0.1745), 600515(0.1745), 600025(0.1745), 600909(0.1744), 605366(0.1743), 600538(0.1742), 603677(0.1742), 600551(0.1741), 601666(0.1741), 600825(0.1741), 603876(0.1739), 603566(0.1737), 002132(0.1733), 002474(0.1732), 002157(0.1731), 601872(0.1730), 605179(0.1728), 002627(0.1726), 601838(0.1723), 000631(0.1723), 600558(0.1719), 002091(0.1718), 600939(0.1717), 601566(0.1715), 600892(0.1715), 603037(0.1714), 603590(0.1713), 600251(0.1713), 002758(0.1713), 603026(0.1713), 000029(0.1710), 002356(0.1708), 600282(0.1704), 002574(0.1703), 000779(0.1703), 603062(0.1703), 605167(0.1701), 603527(0.1700), 603612(0.1699), 603665(0.1695), 600969(0.1695), 002793(0.1694), 002812(0.1693), 603697(0.1692), 603595(0.1691), 600925(0.1690), 000531(0.1690), 002707(0.1690), 600605(0.1686), 002584(0.1685), 601038(0.1684), 600556(0.1683), 002652(0.1682), 002161(0.1681), 002381(0.1680), 002192(0.1679), 600676(0.1679), 600487(0.1676), 600026(0.1676), 000159(0.1675), 002315(0.1674), 002481(0.1673), 600300(0.1672), 603095(0.1671), 002926(0.1670), 600195(0.1668), 000563(0.1668), 000707(0.1668), 002984(0.1667), 002442(0.1665), 603729(0.1664), 600642(0.1663), 002282(0.1663), 601568(0.1663), 000999(0.1662), 000517(0.1662), 000792(0.1661), 002312(0.1660), 600633(0.1659), 600713(0.1659), 603998(0.1658), 600276(0.1657), 002460(0.1657), 600864(0.1657), 603486(0.1656), 605162(0.1653), 605066(0.1652), 002872(0.1652), 002799(0.1652), 601225(0.1651), 002110(0.1650), 002395(0.1648), 002466(0.1647), 000798(0.1646), 601918(0.1646), 600352(0.1645), 000637(0.1645), 603779(0.1644), 600098(0.1643), 600062(0.1643), 002910(0.1642), 002888(0.1642), 603272(0.1642), 605507(0.1641), 002729(0.1641), 603015(0.1639), 002234(0.1636), 600759(0.1636), 002961(0.1635), 600308(0.1634), 601898(0.1633), 003039(0.1632), 001225(0.1631), 002532(0.1631), 002575(0.1629), 002755(0.1625), 603663(0.1625), 603323(0.1624), 001278(0.1623), 002826(0.1622), 002074(0.1621), 000576(0.1621), 002907(0.1620), 601096(0.1618), 600507(0.1618), 002557(0.1618), 600292(0.1617), 000722(0.1615), 002694(0.1615), 600359(0.1614), 002995(0.1613), 600595(0.1612), 002590(0.1611), 002952(0.1610), 001328(0.1610), 605177(0.1610), 600826(0.1607), 002363(0.1605), 002362(0.1605), 600229(0.1605), 002756(0.1605), 603929(0.1604), 600593(0.1603), 600461(0.1603), 603898(0.1599), 603053(0.1599), 002719(0.1595), 601811(0.1594), 600335(0.1594), 002470(0.1593), 002197(0.1591), 600729(0.1591), 002742(0.1589), 600109(0.1585), 002486(0.1582), 600497(0.1581), 003038(0.1581), 000993(0.1581), 600267(0.1579), 002024(0.1579), 001218(0.1579), 001211(0.1578), 002317(0.1576), 603648(0.1573), 002617(0.1572), 002747(0.1571), 600236(0.1570), 002497(0.1569), 002318(0.1568), 603707(0.1567), 601369(0.1567), 002193(0.1566), 002332(0.1563), 002027(0.1562), 002494(0.1561), 600403(0.1559), 600640(0.1559), 601398(0.1557), 000554(0.1555), 002967(0.1554), 000928(0.1554), 600918(0.1554), 605180(0.1554), 600080(0.1553), 603908(0.1552), 600757(0.1552), 002531(0.1550), 000557(0.1548), 601069(0.1548), 002800(0.1547), 600684(0.1547), 600821(0.1545), 600793(0.1545), 600369(0.1545), 603990(0.1545), 601608(0.1544), 600455(0.1543), 002734(0.1541), 600780(0.1540), 600376(0.1540), 601825(0.1539), 002099(0.1538), 002096(0.1537), 603868(0.1535), 002177(0.1533), 001337(0.1532), 600351(0.1530), 002917(0.1530), 600491(0.1529), 600054(0.1529), 002728(0.1528), 603800(0.1526), 600353(0.1526), 600079(0.1525), 603519(0.1524), 603042(0.1522), 002788(0.1521), 600446(0.1520), 600869(0.1520), 600299(0.1520), 605123(0.1518), 601599(0.1515), 000504(0.1515), 603232(0.1514), 002108(0.1514), 603335(0.1511), 002866(0.1510), 002181(0.1510), 000036(0.1509), 600979(0.1507), 002624(0.1505), 600685(0.1504), 600118(0.1503), 601188(0.1501), 603016(0.1501), 003028(0.1500)
2025-10-07 23:21:56,671 [INFO] 未指定 --date，使用最近日期 2025-09-30
2025-10-07 23:21:58,676 [INFO] 
2025-10-07 23:21:58,676 [INFO] ============== 选股结果 [形体相似选股] ==============
2025-10-07 23:21:58,676 [INFO] 交易日: 2025-09-30
2025-10-07 23:21:58,677 [INFO] 符合条件股票数: 2
2025-10-07 23:21:58,677 [INFO] 600809(0.6417), 000568(0.6197)
2025-10-07 23:23:23,423 [INFO] 未指定 --date，使用最近日期 2025-09-30
2025-10-07 23:23:24,073 [INFO] 
2025-10-07 23:23:24,073 [INFO] ============== 选股结果 [形体相似选股] ==============
2025-10-07 23:23:24,073 [INFO] 交易日: 2025-09-30
2025-10-07 23:23:24,073 [INFO] 符合条件股票数: 0
2025-10-07 23:23:24,073 [INFO] 无符合条件股票
2025-10-07 23:24:51,956 [INFO] 未指定 --date，使用最近日期 2025-09-30
2025-10-07 23:24:53,988 [INFO] 
2025-10-07 23:24:53,988 [INFO] ============== 选股结果 [形体相似选股] ==============
2025-10-07 23:24:53,988 [INFO] 交易日: 2025-09-30
2025-10-07 23:24:53,988 [INFO] 符合条件股票数: 0
2025-10-07 23:24:53,988 [INFO] 无符合条件股票
2025-10-07 23:25:15,373 [INFO] 未指定 --date，使用最近日期 2025-09-30
2025-10-07 23:25:17,411 [INFO] 
2025-10-07 23:25:17,411 [INFO] ============== 选股结果 [形体相似选股] ==============
2025-10-07 23:25:17,411 [INFO] 交易日: 2025-09-30
2025-10-07 23:25:17,412 [INFO] 符合条件股票数: 0
2025-10-07 23:25:17,412 [INFO] 无符合条件股票
2025-10-07 23:25:39,842 [INFO] 未指定 --date，使用最近日期 2025-09-30
2025-10-07 23:25:41,897 [INFO] 
2025-10-07 23:25:41,898 [INFO] ============== 选股结果 [形体相似选股] ==============
2025-10-07 23:25:41,898 [INFO] 交易日: 2025-09-30
2025-10-07 23:25:41,898 [INFO] 符合条件股票数: 62
2025-10-07 23:25:41,898 [INFO] 600620(0.3014), 002990(0.2928), 002394(0.2726), 002730(0.2715), 002550(0.2399), 603300(0.2395), 002393(0.2348), 002209(0.2335), 605500(0.2177), 002229(0.2113), 603321(0.2087), 000788(0.2049), 002329(0.1988), 002762(0.1966), 600422(0.1941), 603308(0.1910), 000705(0.1826), 002422(0.1799), 000518(0.1784), 603707(0.1781), 603738(0.1769), 600726(0.1763), 000963(0.1761), 603669(0.1751), 603511(0.1744), 000513(0.1743), 002756(0.1740), 002020(0.1700), 002107(0.1694), 600594(0.1694), 000989(0.1693), 001339(0.1688), 605058(0.1686), 002667(0.1638), 002015(0.1638), 605162(0.1630), 002178(0.1622), 000911(0.1618), 000158(0.1606), 002728(0.1605), 600774(0.1602), 001896(0.1601), 600793(0.1599), 000626(0.1583), 603815(0.1576), 600062(0.1567), 002031(0.1567), 601279(0.1560), 603767(0.1557), 600962(0.1554), 000993(0.1550), 002650(0.1547), 603339(0.1547), 002580(0.1545), 002190(0.1544), 600589(0.1543), 002255(0.1542), 603486(0.1536), 600195(0.1529), 600476(0.1519), 600822(0.1511), 000078(0.1507)
2025-10-07 23:26:03,185 [INFO] 未指定 --date，使用最近日期 2025-09-30
2025-10-07 23:26:05,217 [INFO] 
2025-10-07 23:26:05,218 [INFO] ============== 选股结果 [形体相似选股] ==============
2025-10-07 23:26:05,219 [INFO] 交易日: 2025-09-30
2025-10-07 23:26:05,219 [INFO] 符合条件股票数: 0
2025-10-07 23:26:05,219 [INFO] 无符合条件股票
2025-10-07 23:26:19,565 [INFO] 未指定 --date，使用最近日期 2025-09-30
2025-10-07 23:26:21,613 [INFO] 
2025-10-07 23:26:21,613 [INFO] ============== 选股结果 [形体相似选股] ==============
2025-10-07 23:26:21,613 [INFO] 交易日: 2025-09-30
2025-10-07 23:26:21,613 [INFO] 符合条件股票数: 1
2025-10-07 23:26:21,613 [INFO] 600620(0.3014)
2025-10-07 23:56:44,031 [INFO] 未指定 --date，使用最近日期 2025-09-30
2025-10-07 23:56:47,103 [INFO] 
2025-10-07 23:56:47,103 [INFO] ============== 选股结果 [形体相似选股] ==============
2025-10-07 23:56:47,104 [INFO] 交易日: 2025-09-30
2025-10-07 23:56:47,104 [INFO] 符合条件股票数: 1
2025-10-07 23:56:47,104 [INFO] 600620(0.3014)
2025-10-07 23:58:18,312 [INFO] 未指定 --date，使用最近日期 2025-09-30
2025-10-07 23:58:21,102 [INFO] 
2025-10-07 23:58:21,102 [INFO] ============== 选股结果 [形体相似选股] ==============
2025-10-07 23:58:21,102 [INFO] 交易日: 2025-09-30
2025-10-07 23:58:21,102 [INFO] 符合条件股票数: 6
2025-10-07 23:58:21,102 [INFO] 601788(0.3740), 300902(0.3656), 300113(0.3583), 300066(0.3434), 300637(0.3226), 002378(0.3072)
